<?xml version="1.0" encoding="UTF-8"?>
<!-- Generated by org.testng.reporters.JUnitReportReporter -->
<testsuite hostname="semira-Inspiron-3505" failures="0" tests="1" name="SmokeTest" time="33.938" errors="0" timestamp="2022-11-11T16:29:16 CET" skipped="0">
  <testcase classname="SmokeTest" name="smokeTest" time="33.938"/>
  <system-out/>
</testsuite> <!-- SmokeTest -->
